<?xml version="1.0" encoding="UTF-8"?>
<testng-results skipped="0" failed="0" ignored="0" total="2" passed="2">
  <reporter-output>
  </reporter-output>
  <suite name="Default suite" duration-ms="13040" started-at="2021-09-09T13:03:38 IST" finished-at="2021-09-09T13:03:51 IST">
    <groups>
    </groups>
    <test name="Default test" duration-ms="13040" started-at="2021-09-09T13:03:38 IST" finished-at="2021-09-09T13:03:51 IST">
      <class name="Pages.HomePage">
        <test-method status="PASS" signature="browserSetup()[pri:0, instance:Pages.HomePage@1c6f14e]" name="browserSetup" is-config="true" duration-ms="10633" started-at="2021-09-09T13:03:38 IST" finished-at="2021-09-09T13:03:49 IST">
          <reporter-output>
          </reporter-output>
        </test-method> <!-- browserSetup -->
        <test-method status="PASS" signature="homeSearch()[pri:0, instance:Pages.HomePage@1c6f14e]" name="homeSearch" duration-ms="197" started-at="2021-09-09T13:03:49 IST" finished-at="2021-09-09T13:03:50 IST">
          <reporter-output>
          </reporter-output>
        </test-method> <!-- homeSearch -->
        <test-method status="PASS" signature="loginIntoAmazon()[pri:0, instance:Pages.HomePage@1c6f14e]" name="loginIntoAmazon" duration-ms="1875" started-at="2021-09-09T13:03:50 IST" finished-at="2021-09-09T13:03:51 IST">
          <reporter-output>
          </reporter-output>
        </test-method> <!-- loginIntoAmazon -->
      </class> <!-- Pages.HomePage -->
    </test> <!-- Default test -->
  </suite> <!-- Default suite -->
</testng-results>
