<?xml version="1.0" encoding="UTF-8"?>
<testng-results skipped="0" failed="0" ignored="0" total="2" passed="2">
  <reporter-output>
  </reporter-output>
  <suite name="Default suite" duration-ms="51500" started-at="2021-09-09T12:48:24 IST" finished-at="2021-09-09T12:49:15 IST">
    <groups>
    </groups>
    <test name="Default test" duration-ms="51500" started-at="2021-09-09T12:48:24 IST" finished-at="2021-09-09T12:49:15 IST">
      <class name="Pages.HomePage">
        <test-method status="PASS" signature="browserSetup()[pri:0, instance:Pages.HomePage@1c6f14e]" name="browserSetup" is-config="true" duration-ms="38695" started-at="2021-09-09T12:48:24 IST" finished-at="2021-09-09T12:49:02 IST">
          <reporter-output>
          </reporter-output>
        </test-method> <!-- browserSetup -->
        <test-method status="PASS" signature="homeSearch()[pri:0, instance:Pages.HomePage@1c6f14e]" name="homeSearch" duration-ms="957" started-at="2021-09-09T12:49:04 IST" finished-at="2021-09-09T12:49:05 IST">
          <reporter-output>
          </reporter-output>
        </test-method> <!-- homeSearch -->
        <test-method status="PASS" signature="loginIntoAmazon()[pri:0, instance:Pages.HomePage@1c6f14e]" name="loginIntoAmazon" duration-ms="9903" started-at="2021-09-09T12:49:05 IST" finished-at="2021-09-09T12:49:15 IST">
          <reporter-output>
          </reporter-output>
        </test-method> <!-- loginIntoAmazon -->
      </class> <!-- Pages.HomePage -->
    </test> <!-- Default test -->
  </suite> <!-- Default suite -->
</testng-results>
