<?xml version="1.0" encoding="UTF-8"?>
<testng-results skipped="0" failed="0" ignored="0" total="2" passed="2">
  <reporter-output>
  </reporter-output>
  <suite name="Default suite" duration-ms="63406" started-at="2021-09-09T07:05:03Z" finished-at="2021-09-09T07:06:06Z">
    <groups>
    </groups>
    <test name="Default test" duration-ms="63406" started-at="2021-09-09T07:05:03Z" finished-at="2021-09-09T07:06:06Z">
      <class name="Pages.HomePage">
        <test-method status="PASS" signature="browserSetup()[pri:0, instance:Pages.HomePage@1057a39]" name="browserSetup" is-config="true" duration-ms="57461" started-at="2021-09-09T07:05:03Z" finished-at="2021-09-09T07:06:00Z">
          <reporter-output>
          </reporter-output>
        </test-method> <!-- browserSetup -->
        <test-method status="PASS" signature="homeSearch()[pri:0, instance:Pages.HomePage@1057a39]" name="homeSearch" duration-ms="756" started-at="2021-09-09T07:06:00Z" finished-at="2021-09-09T07:06:01Z">
          <reporter-output>
          </reporter-output>
        </test-method> <!-- homeSearch -->
        <test-method status="PASS" signature="loginIntoAmazon()[pri:0, instance:Pages.HomePage@1057a39]" name="loginIntoAmazon" duration-ms="4932" started-at="2021-09-09T07:06:01Z" finished-at="2021-09-09T07:06:06Z">
          <reporter-output>
          </reporter-output>
        </test-method> <!-- loginIntoAmazon -->
      </class> <!-- Pages.HomePage -->
    </test> <!-- Default test -->
  </suite> <!-- Default suite -->
</testng-results>
